<?xml version="1.0" encoding="UTF-8"?>
<testng-results skipped="0" failed="0" ignored="0" total="4" passed="4">
  <reporter-output>
  </reporter-output>
  <suite name="Suite" duration-ms="67148" started-at="2018-08-16T11:48:05Z" finished-at="2018-08-16T11:49:12Z">
    <groups>
    </groups>
    <test name="LoginTest" duration-ms="46736" started-at="2018-08-16T11:48:05Z" finished-at="2018-08-16T11:48:52Z">
      <class name="Academy.LoginPage">
        <test-method status="PASS" signature="loginTrial(java.lang.String, java.lang.String)[pri:0, instance:Academy.LoginPage@735b478]" name="loginTrial" duration-ms="23978" started-at="2018-08-16T11:48:05Z" data-provider="getData" finished-at="2018-08-16T11:48:29Z">
          <params>
            <param index="0">
              <value>
                <![CDATA[bracegraceyou@gmail.com]]>
              </value>
            </param>
            <param index="1">
              <value>
                <![CDATA[qaclickacademy]]>
              </value>
            </param>
          </params>
          <reporter-output>
          </reporter-output>
        </test-method> <!-- loginTrial -->
        <test-method status="PASS" signature="loginTrial(java.lang.String, java.lang.String)[pri:0, instance:Academy.LoginPage@735b478]" name="loginTrial" duration-ms="21822" started-at="2018-08-16T11:48:29Z" data-provider="getData" finished-at="2018-08-16T11:48:51Z">
          <params>
            <param index="0">
              <value>
                <![CDATA[dxcgvbhnjm]]>
              </value>
            </param>
            <param index="1">
              <value>
                <![CDATA[fghjk]]>
              </value>
            </param>
          </params>
          <reporter-output>
          </reporter-output>
        </test-method> <!-- loginTrial -->
        <test-method status="PASS" signature="closeBrowser()[pri:0, instance:Academy.LoginPage@735b478]" name="closeBrowser" is-config="true" duration-ms="901" started-at="2018-08-16T11:48:51Z" finished-at="2018-08-16T11:48:52Z">
          <reporter-output>
          </reporter-output>
        </test-method> <!-- closeBrowser -->
      </class> <!-- Academy.LoginPage -->
    </test> <!-- LoginTest -->
    <test name="HomePage" duration-ms="19414" started-at="2018-08-16T11:48:53Z" finished-at="2018-08-16T11:49:12Z">
      <class name="Academy.HomePage">
        <test-method status="PASS" signature="basePageNavigation()[pri:0, instance:Academy.HomePage@174d20a]" name="basePageNavigation" is-config="true" duration-ms="17850" started-at="2018-08-16T11:48:53Z" finished-at="2018-08-16T11:49:10Z">
          <reporter-output>
          </reporter-output>
        </test-method> <!-- basePageNavigation -->
        <test-method status="PASS" signature="menuItems()[pri:0, instance:Academy.HomePage@174d20a]" name="menuItems" duration-ms="580" started-at="2018-08-16T11:49:10Z" finished-at="2018-08-16T11:49:11Z">
          <reporter-output>
          </reporter-output>
        </test-method> <!-- menuItems -->
        <test-method status="PASS" signature="footerItems()[pri:1, instance:Academy.HomePage@174d20a]" name="footerItems" duration-ms="804" started-at="2018-08-16T11:49:11Z" finished-at="2018-08-16T11:49:12Z">
          <reporter-output>
          </reporter-output>
        </test-method> <!-- footerItems -->
        <test-method status="PASS" signature="closeBrowser()[pri:0, instance:Academy.HomePage@174d20a]" name="closeBrowser" is-config="true" duration-ms="168" started-at="2018-08-16T11:49:12Z" finished-at="2018-08-16T11:49:12Z">
          <reporter-output>
          </reporter-output>
        </test-method> <!-- closeBrowser -->
      </class> <!-- Academy.HomePage -->
    </test> <!-- HomePage -->
    <test name="BaseClass" duration-ms="0" started-at="2018-08-16T11:49:12Z" finished-at="2018-08-16T11:49:12Z">
    </test> <!-- BaseClass -->
  </suite> <!-- Suite -->
</testng-results>
