<?xml version="1.0" encoding="UTF-8"?>
<!-- Generated by org.testng.reporters.JUnitXMLReporter -->
<testsuite hostname="DESKTOP-QUG856H" ignored="0" name="Test" tests="4" failures="0" timestamp="16 Aug 2018 07:59:34 GMT" time="39.611" errors="0">
  <testcase name="basePageNavigation" time="13.768" classname="Academy.LoginPage"/>
  <testcase name="basePageNavigation" time="15.688" classname="Academy.LoginPage"/>
  <testcase name="menuItems" time="0.468" classname="Academy.HomePage"/>
  <testcase name="footerItems" time="0.701" classname="Academy.HomePage"/>
</testsuite> <!-- Test -->
