<?xml version="1.0" encoding="UTF-8"?>
<testng-results skipped="0" failed="0" ignored="0" total="1" passed="1">
  <reporter-output>
  </reporter-output>
  <suite name="Default suite" duration-ms="283" started-at="2018-08-31T17:14:17Z" finished-at="2018-08-31T17:14:18Z">
    <groups>
    </groups>
    <test name="Default test" duration-ms="283" started-at="2018-08-31T17:14:17Z" finished-at="2018-08-31T17:14:18Z">
      <class name="PracticeQuestn.DateTimeZone">
        <test-method status="PASS" signature="test2()[pri:0, instance:PracticeQuestn.DateTimeZone@59f99ea]" name="test2" duration-ms="236" started-at="2018-08-31T17:14:17Z" finished-at="2018-08-31T17:14:18Z">
          <reporter-output>
          </reporter-output>
        </test-method> <!-- test2 -->
      </class> <!-- PracticeQuestn.DateTimeZone -->
    </test> <!-- Default test -->
  </suite> <!-- Default suite -->
</testng-results>
