<?xml version="1.0" encoding="UTF-8"?>
<!-- Generated by org.testng.reporters.JUnitXMLReporter -->
<testsuite hostname="DESKTOP-QUG856H" ignored="0" name="Test" tests="4" failures="1" timestamp="16 Aug 2018 08:15:19 GMT" time="80.725" errors="0">
  <testcase name="basePageNavigation" time="42.634" classname="Academy.LoginPage"/>
  <testcase name="basePageNavigation" time="25.164" classname="Academy.LoginPage"/>
  <testcase name="menuItems" time="0.784" classname="Academy.HomePage"/>
  <testcase name="footerItems" time="0.163" classname="Academy.HomePage">
    <failure type="java.lang.AssertionError" message="expected [true] but found [false]">
      <![CDATA[java.lang.AssertionError: expected [true] but found [false]
at Academy.HomePage.footerItems(HomePage.java:53)
... Removed 33 stack frames]]>
    </failure>
  </testcase> <!-- footerItems -->
</testsuite> <!-- Test -->
